2020-02-09 10:11:26,780 [main] INFO  [com.zhy.MyBlogApplication] - Starting MyBlogApplication on soloyao with PID 12844 (D:\eclipseworkspace\MyBlog-master\target\classes started by xianding in D:\eclipseworkspace\MyBlog-master)
2020-02-09 10:11:26,894 [main] INFO  [com.zhy.MyBlogApplication] - The following profiles are active: dev
2020-02-09 10:11:27,501 [main] INFO  [org.springframework.boot.web.servlet.context.AnnotationConfigServletWebServerApplicationContext] - Refreshing org.springframework.boot.web.servlet.context.AnnotationConfigServletWebServerApplicationContext@d6e7bab: startup date [Sun Feb 09 10:11:27 CST 2020]; root of context hierarchy
2020-02-09 10:11:36,034 [main] INFO  [org.springframework.data.repository.config.RepositoryConfigurationDelegate] - Multiple Spring Data modules found, entering strict repository configuration mode!
2020-02-09 10:11:37,499 [main] INFO  [org.springframework.context.support.PostProcessorRegistrationDelegate$BeanPostProcessorChecker] - Bean 'org.springframework.transaction.annotation.ProxyTransactionManagementConfiguration' of type [org.springframework.transaction.annotation.ProxyTransactionManagementConfiguration$$EnhancerBySpringCGLIB$$f1405166] is not eligible for getting processed by all BeanPostProcessors (for example: not eligible for auto-proxying)
2020-02-09 10:11:40,452 [main] INFO  [org.springframework.context.support.PostProcessorRegistrationDelegate$BeanPostProcessorChecker] - Bean 'org.springframework.security.config.annotation.configuration.ObjectPostProcessorConfiguration' of type [org.springframework.security.config.annotation.configuration.ObjectPostProcessorConfiguration$$EnhancerBySpringCGLIB$$89ee19a0] is not eligible for getting processed by all BeanPostProcessors (for example: not eligible for auto-proxying)
2020-02-09 10:11:40,466 [main] INFO  [org.springframework.context.support.PostProcessorRegistrationDelegate$BeanPostProcessorChecker] - Bean 'objectPostProcessor' of type [org.springframework.security.config.annotation.configuration.AutowireBeanFactoryObjectPostProcessor] is not eligible for getting processed by all BeanPostProcessors (for example: not eligible for auto-proxying)
2020-02-09 10:11:40,522 [main] INFO  [org.springframework.context.support.PostProcessorRegistrationDelegate$BeanPostProcessorChecker] - Bean 'org.springframework.security.access.expression.method.DefaultMethodSecurityExpressionHandler@7afb1741' of type [org.springframework.security.access.expression.method.DefaultMethodSecurityExpressionHandler] is not eligible for getting processed by all BeanPostProcessors (for example: not eligible for auto-proxying)
2020-02-09 10:11:40,533 [main] INFO  [org.springframework.context.support.PostProcessorRegistrationDelegate$BeanPostProcessorChecker] - Bean 'org.springframework.security.config.annotation.method.configuration.GlobalMethodSecurityConfiguration' of type [org.springframework.security.config.annotation.method.configuration.GlobalMethodSecurityConfiguration$$EnhancerBySpringCGLIB$$aec2bc52] is not eligible for getting processed by all BeanPostProcessors (for example: not eligible for auto-proxying)
2020-02-09 10:11:40,617 [main] INFO  [org.springframework.context.support.PostProcessorRegistrationDelegate$BeanPostProcessorChecker] - Bean 'methodSecurityMetadataSource' of type [org.springframework.security.access.method.DelegatingMethodSecurityMetadataSource] is not eligible for getting processed by all BeanPostProcessors (for example: not eligible for auto-proxying)
2020-02-09 10:11:40,795 [main] INFO  [org.springframework.context.support.PostProcessorRegistrationDelegate$BeanPostProcessorChecker] - Bean 'org.springframework.cache.annotation.ProxyCachingConfiguration' of type [org.springframework.cache.annotation.ProxyCachingConfiguration$$EnhancerBySpringCGLIB$$3a528784] is not eligible for getting processed by all BeanPostProcessors (for example: not eligible for auto-proxying)
2020-02-09 10:11:42,465 [main] INFO  [org.springframework.boot.web.embedded.tomcat.TomcatWebServer] - Tomcat initialized with port(s): 8282 (http)
2020-02-09 10:11:42,521 [main] INFO  [org.apache.coyote.http11.Http11NioProtocol] - Initializing ProtocolHandler ["http-nio-8282"]
2020-02-09 10:11:42,542 [main] INFO  [org.apache.catalina.core.StandardService] - Starting service [Tomcat]
2020-02-09 10:11:42,543 [main] INFO  [org.apache.catalina.core.StandardEngine] - Starting Servlet Engine: Apache Tomcat/8.5.28
2020-02-09 10:11:42,560 [localhost-startStop-1] INFO  [org.apache.catalina.core.AprLifecycleListener] - Loaded APR based Apache Tomcat Native library [1.2.17] using APR version [1.6.3].
2020-02-09 10:11:42,560 [localhost-startStop-1] INFO  [org.apache.catalina.core.AprLifecycleListener] - APR capabilities: IPv6 [true], sendfile [true], accept filters [false], random [true].
2020-02-09 10:11:42,561 [localhost-startStop-1] INFO  [org.apache.catalina.core.AprLifecycleListener] - APR/OpenSSL configuration: useAprConnector [false], useOpenSSL [true]
2020-02-09 10:11:43,730 [localhost-startStop-1] INFO  [org.apache.catalina.core.AprLifecycleListener] - OpenSSL successfully initialized [OpenSSL 1.0.2o  27 Mar 2018]
2020-02-09 10:11:43,977 [localhost-startStop-1] INFO  [org.apache.catalina.core.ContainerBase.[Tomcat].[localhost].[/]] - Initializing Spring embedded WebApplicationContext
2020-02-09 10:11:43,977 [localhost-startStop-1] INFO  [org.springframework.web.context.ContextLoader] - Root WebApplicationContext: initialization completed in 16480 ms
2020-02-09 10:11:44,028 [localhost-startStop-1] INFO  [com.zhy.config.DruidDataSourceConfig] - init Druid Servlet Configuration 
2020-02-09 10:11:44,480 [localhost-startStop-1] INFO  [org.springframework.boot.web.servlet.FilterRegistrationBean] - Mapping filter: 'characterEncodingFilter' to: [/*]
2020-02-09 10:11:44,480 [localhost-startStop-1] INFO  [org.springframework.boot.web.servlet.DelegatingFilterProxyRegistrationBean] - Mapping filter: 'springSecurityFilterChain' to: [/*]
2020-02-09 10:11:44,481 [localhost-startStop-1] INFO  [org.springframework.boot.web.servlet.FilterRegistrationBean] - Mapping filter: 'webStatFilter' to urls: [/*]
2020-02-09 10:11:44,481 [localhost-startStop-1] INFO  [org.springframework.boot.web.servlet.ServletRegistrationBean] - Servlet statViewServlet mapped to [/druid/*]
2020-02-09 10:11:44,483 [localhost-startStop-1] INFO  [org.springframework.boot.web.servlet.ServletRegistrationBean] - Servlet dispatcherServlet mapped to [/]
2020-02-09 10:11:48,195 [main] INFO  [org.springframework.web.servlet.mvc.method.annotation.RequestMappingHandlerMapping] - Mapped "{[/findArchiveNameAndArticleNum],methods=[GET],produces=[application/json;charset=UTF-8]}" onto public java.lang.String com.zhy.controller.ArchivesControl.findArchiveNameAndArticleNum()
2020-02-09 10:11:48,196 [main] INFO  [org.springframework.web.servlet.mvc.method.annotation.RequestMappingHandlerMapping] - Mapped "{[/getArchiveArticle],methods=[GET],produces=[application/json;charset=UTF-8]}" onto public java.lang.String com.zhy.controller.ArchivesControl.getArchiveArticle(java.lang.String,javax.servlet.http.HttpServletRequest)
2020-02-09 10:11:48,206 [main] INFO  [org.springframework.web.servlet.mvc.method.annotation.RequestMappingHandlerMapping] - Mapped "{[/],methods=[GET]}" onto public java.lang.String com.zhy.controller.BackControl.index(javax.servlet.http.HttpServletRequest,javax.servlet.http.HttpServletResponse)
2020-02-09 10:11:48,206 [main] INFO  [org.springframework.web.servlet.mvc.method.annotation.RequestMappingHandlerMapping] - Mapped "{[/register],methods=[GET]}" onto public java.lang.String com.zhy.controller.BackControl.register()
2020-02-09 10:11:48,206 [main] INFO  [org.springframework.web.servlet.mvc.method.annotation.RequestMappingHandlerMapping] - Mapped "{[/update],methods=[GET]}" onto public java.lang.String com.zhy.controller.BackControl.update(javax.servlet.http.HttpServletRequest)
2020-02-09 10:11:48,207 [main] INFO  [org.springframework.web.servlet.mvc.method.annotation.RequestMappingHandlerMapping] - Mapped "{[/editor],methods=[GET]}" onto public java.lang.String com.zhy.controller.BackControl.editor(javax.servlet.http.HttpServletRequest)
2020-02-09 10:11:48,207 [main] INFO  [org.springframework.web.servlet.mvc.method.annotation.RequestMappingHandlerMapping] - Mapped "{[/categories],methods=[GET]}" onto public java.lang.String com.zhy.controller.BackControl.categories(javax.servlet.http.HttpServletResponse,javax.servlet.http.HttpServletRequest)
2020-02-09 10:11:48,207 [main] INFO  [org.springframework.web.servlet.mvc.method.annotation.RequestMappingHandlerMapping] - Mapped "{[/tags],methods=[GET]}" onto public java.lang.String com.zhy.controller.BackControl.tags(javax.servlet.http.HttpServletResponse,javax.servlet.http.HttpServletRequest)
2020-02-09 10:11:48,208 [main] INFO  [org.springframework.web.servlet.mvc.method.annotation.RequestMappingHandlerMapping] - Mapped "{[/user],methods=[GET]}" onto public java.lang.String com.zhy.controller.BackControl.user(javax.servlet.http.HttpServletRequest)
2020-02-09 10:11:48,208 [main] INFO  [org.springframework.web.servlet.mvc.method.annotation.RequestMappingHandlerMapping] - Mapped "{[/login],methods=[GET]}" onto public java.lang.String com.zhy.controller.BackControl.login()
2020-02-09 10:11:48,208 [main] INFO  [org.springframework.web.servlet.mvc.method.annotation.RequestMappingHandlerMapping] - Mapped "{[/myheart],methods=[GET]}" onto public java.lang.String com.zhy.controller.BackControl.myheart()
2020-02-09 10:11:48,208 [main] INFO  [org.springframework.web.servlet.mvc.method.annotation.RequestMappingHandlerMapping] - Mapped "{[/mystory],methods=[GET]}" onto public java.lang.String com.zhy.controller.BackControl.mystory(javax.servlet.http.HttpServletRequest)
2020-02-09 10:11:48,209 [main] INFO  [org.springframework.web.servlet.mvc.method.annotation.RequestMappingHandlerMapping] - Mapped "{[/toLogin],methods=[GET]}" onto public void com.zhy.controller.BackControl.toLogin(javax.servlet.http.HttpServletRequest)
2020-02-09 10:11:48,209 [main] INFO  [org.springframework.web.servlet.mvc.method.annotation.RequestMappingHandlerMapping] - Mapped "{[/mylove],methods=[GET]}" onto public java.lang.String com.zhy.controller.BackControl.myLove()
2020-02-09 10:11:48,209 [main] INFO  [org.springframework.web.servlet.mvc.method.annotation.RequestMappingHandlerMapping] - Mapped "{[/today],methods=[GET]}" onto public java.lang.String com.zhy.controller.BackControl.today()
2020-02-09 10:11:48,210 [main] INFO  [org.springframework.web.servlet.mvc.method.annotation.RequestMappingHandlerMapping] - Mapped "{[/superadmin],methods=[GET]}" onto public java.lang.String com.zhy.controller.BackControl.superadmin(javax.servlet.http.HttpServletRequest)
2020-02-09 10:11:48,210 [main] INFO  [org.springframework.web.servlet.mvc.method.annotation.RequestMappingHandlerMapping] - Mapped "{[/reward],methods=[GET]}" onto public java.lang.String com.zhy.controller.BackControl.reward(javax.servlet.http.HttpServletRequest)
2020-02-09 10:11:48,210 [main] INFO  [org.springframework.web.servlet.mvc.method.annotation.RequestMappingHandlerMapping] - Mapped "{[/friendlylink],methods=[GET]}" onto public java.lang.String com.zhy.controller.BackControl.friendlylink(javax.servlet.http.HttpServletRequest)
2020-02-09 10:11:48,211 [main] INFO  [org.springframework.web.servlet.mvc.method.annotation.RequestMappingHandlerMapping] - Mapped "{[/aboutme],methods=[GET]}" onto public java.lang.String com.zhy.controller.BackControl.aboutme(javax.servlet.http.HttpServletRequest)
2020-02-09 10:11:48,211 [main] INFO  [org.springframework.web.servlet.mvc.method.annotation.RequestMappingHandlerMapping] - Mapped "{[/archives],methods=[GET]}" onto public java.lang.String com.zhy.controller.BackControl.archives(javax.servlet.http.HttpServletResponse,javax.servlet.http.HttpServletRequest)
2020-02-09 10:11:48,211 [main] INFO  [org.springframework.web.servlet.mvc.method.annotation.RequestMappingHandlerMapping] - Mapped "{[/article/{articleId}],methods=[GET]}" onto public java.lang.String com.zhy.controller.BackControl.show(long,javax.servlet.http.HttpServletResponse,org.springframework.ui.Model,javax.servlet.http.HttpServletRequest)
2020-02-09 10:11:48,212 [main] INFO  [org.springframework.web.servlet.mvc.method.annotation.RequestMappingHandlerMapping] - Mapped "{[/ali],methods=[GET]}" onto public java.lang.String com.zhy.controller.BackControl.ali()
2020-02-09 10:11:48,212 [main] INFO  [org.springframework.web.servlet.mvc.method.annotation.RequestMappingHandlerMapping] - Mapped "{[/getCategoryArticle],methods=[GET],produces=[application/json;charset=UTF-8]}" onto public java.lang.String com.zhy.controller.CategoriesControl.getCategoryArticle(java.lang.String,javax.servlet.http.HttpServletRequest)
2020-02-09 10:11:48,213 [main] INFO  [org.springframework.web.servlet.mvc.method.annotation.RequestMappingHandlerMapping] - Mapped "{[/findCategoriesNameAndArticleNum],methods=[GET],produces=[application/json;charset=UTF-8]}" onto public java.lang.String com.zhy.controller.CategoriesControl.findCategoriesNameAndArticleNum()
2020-02-09 10:11:48,217 [main] INFO  [org.springframework.web.servlet.mvc.method.annotation.RequestMappingHandlerMapping] - Mapped "{[/publishComment],methods=[POST],produces=[application/json;charset=UTF-8]}" onto public java.lang.String com.zhy.controller.CommentControl.publishComment(com.zhy.model.Comment,java.security.Principal)
2020-02-09 10:11:48,220 [main] INFO  [org.springframework.web.servlet.mvc.method.annotation.RequestMappingHandlerMapping] - Mapped "{[/isLogin],methods=[GET],produces=[application/json;charset=UTF-8]}" onto public java.lang.String com.zhy.controller.CommentControl.isLogin()
2020-02-09 10:11:48,220 [main] INFO  [org.springframework.web.servlet.mvc.method.annotation.RequestMappingHandlerMapping] - Mapped "{[/addCommentLike],methods=[GET],produces=[application/json;charset=UTF-8]}" onto public java.lang.String com.zhy.controller.CommentControl.addCommentLike(java.lang.String,java.lang.String,java.security.Principal)
2020-02-09 10:11:48,220 [main] INFO  [org.springframework.web.servlet.mvc.method.annotation.RequestMappingHandlerMapping] - Mapped "{[/getAllComment],methods=[POST],produces=[application/json;charset=UTF-8]}" onto public java.lang.String com.zhy.controller.CommentControl.getAllComment(java.lang.Long,java.security.Principal)
2020-02-09 10:11:48,222 [main] INFO  [org.springframework.web.servlet.mvc.method.annotation.RequestMappingHandlerMapping] - Mapped "{[/publishReply],methods=[POST],produces=[application/json;charset=UTF-8]}" onto public java.lang.String com.zhy.controller.CommentControl.publishReply(com.zhy.model.Comment,java.lang.String,java.lang.String,java.security.Principal)
2020-02-09 10:11:48,223 [main] INFO  [org.springframework.web.servlet.mvc.method.annotation.RequestMappingHandlerMapping] - Mapped "{[/publishArticle],methods=[POST],produces=[application/json;charset=UTF-8]}" onto public java.lang.String com.zhy.controller.EditorControl.publishArticle(java.security.Principal,com.zhy.model.Article,java.lang.String,javax.servlet.http.HttpServletRequest)
2020-02-09 10:11:48,224 [main] INFO  [org.springframework.web.servlet.mvc.method.annotation.RequestMappingHandlerMapping] - Mapped "{[/getDraftArticle],methods=[GET],produces=[application/json;charset=UTF-8]}" onto public java.lang.String com.zhy.controller.EditorControl.getDraftArticle(javax.servlet.http.HttpServletRequest)
2020-02-09 10:11:48,224 [main] INFO  [org.springframework.web.servlet.mvc.method.annotation.RequestMappingHandlerMapping] - Mapped "{[/canYouWrite],methods=[GET],produces=[application/json;charset=UTF-8]}" onto public java.lang.String com.zhy.controller.EditorControl.canYouWrite(java.security.Principal)
2020-02-09 10:11:48,224 [main] INFO  [org.springframework.web.servlet.mvc.method.annotation.RequestMappingHandlerMapping] - Mapped "{[/uploadImage]}" onto public java.util.Map<java.lang.String, java.lang.Object> com.zhy.controller.EditorControl.uploadImage(javax.servlet.http.HttpServletRequest,javax.servlet.http.HttpServletResponse,org.springframework.web.multipart.MultipartFile)
2020-02-09 10:11:48,225 [main] INFO  [org.springframework.web.servlet.mvc.method.annotation.RequestMappingHandlerMapping] - Mapped "{[/findCategoriesName],methods=[GET],produces=[application/json;charset=UTF-8]}" onto public java.lang.String com.zhy.controller.EditorControl.findCategoriesName()
2020-02-09 10:11:48,225 [main] INFO  [org.springframework.web.servlet.mvc.method.annotation.RequestMappingHandlerMapping] - Mapped "{[/404],methods=[GET]}" onto public java.lang.String com.zhy.controller.ErrorPageControl.error404()
2020-02-09 10:11:48,227 [main] INFO  [org.springframework.web.servlet.mvc.method.annotation.RequestMappingHandlerMapping] - Mapped "{[/403],methods=[GET]}" onto public java.lang.String com.zhy.controller.ErrorPageControl.error403()
2020-02-09 10:11:48,229 [main] INFO  [org.springframework.web.servlet.mvc.method.annotation.RequestMappingHandlerMapping] - Mapped "{[/getFriendLinkInfo],methods=[POST],produces=[application/json;charset=UTF-8]}" onto public java.lang.String com.zhy.controller.FriendlyLinkControl.getFriendLink()
2020-02-09 10:11:48,231 [main] INFO  [org.springframework.web.servlet.mvc.method.annotation.RequestMappingHandlerMapping] - Mapped "{[/getCode],methods=[POST],produces=[application/json;charset=UTF-8]}" onto public java.lang.String com.zhy.controller.GetPhoneCodeControl.getAuthCode(javax.servlet.http.HttpServletRequest)
2020-02-09 10:11:48,236 [main] INFO  [org.springframework.web.servlet.mvc.method.annotation.RequestMappingHandlerMapping] - Mapped "{[/submitFeedback],methods=[POST],produces=[application/json;charset=UTF-8]}" onto public java.lang.String com.zhy.controller.IndexControl.submitFeedback(com.zhy.model.FeedBack,java.security.Principal)
2020-02-09 10:11:48,236 [main] INFO  [org.springframework.web.servlet.mvc.method.annotation.RequestMappingHandlerMapping] - Mapped "{[/findArchivesCategoriesTagsNum],methods=[GET],produces=[application/json;charset=UTF-8]}" onto public java.lang.String com.zhy.controller.IndexControl.findArchivesCategoriesTagsNum()
2020-02-09 10:11:48,236 [main] INFO  [org.springframework.web.servlet.mvc.method.annotation.RequestMappingHandlerMapping] - Mapped "{[/getVisitorNumByPageName],methods=[GET],produces=[application/json;charset=UTF-8]}" onto public java.lang.String com.zhy.controller.IndexControl.getVisitorNumByPageName(javax.servlet.http.HttpServletRequest,java.lang.String)
2020-02-09 10:11:48,236 [main] INFO  [org.springframework.web.servlet.mvc.method.annotation.RequestMappingHandlerMapping] - Mapped "{[/findTagsCloud],methods=[GET],produces=[application/json;charset=UTF-8]}" onto public java.lang.String com.zhy.controller.IndexControl.findTagsCloud()
2020-02-09 10:11:48,237 [main] INFO  [org.springframework.web.servlet.mvc.method.annotation.RequestMappingHandlerMapping] - Mapped "{[/getSiteInfo],methods=[GET],produces=[application/json;charset=UTF-8]}" onto public java.lang.String com.zhy.controller.IndexControl.getSiteInfo()
2020-02-09 10:11:48,237 [main] INFO  [org.springframework.web.servlet.mvc.method.annotation.RequestMappingHandlerMapping] - Mapped "{[/myArticles],methods=[POST],produces=[application/json;charset=UTF-8]}" onto public java.lang.String com.zhy.controller.IndexControl.myArticles(java.lang.String,java.lang.String)
2020-02-09 10:11:48,237 [main] INFO  [org.springframework.web.servlet.mvc.method.annotation.RequestMappingHandlerMapping] - Mapped "{[/newComment],methods=[GET],produces=[application/json;charset=UTF-8]}" onto public java.lang.String com.zhy.controller.IndexControl.newComment(java.lang.String,java.lang.String)
2020-02-09 10:11:48,237 [main] INFO  [org.springframework.web.servlet.mvc.method.annotation.RequestMappingHandlerMapping] - Mapped "{[/newLeaveWord],methods=[GET],produces=[application/json;charset=UTF-8]}" onto public java.lang.String com.zhy.controller.IndexControl.newLeaveWord(java.lang.String,java.lang.String)
2020-02-09 10:11:48,238 [main] INFO  [org.springframework.web.servlet.mvc.method.annotation.RequestMappingHandlerMapping] - Mapped "{[/publishLeaveMessageReply],methods=[POST],produces=[application/json;charset=UTF-8]}" onto public java.lang.String com.zhy.controller.LeaveMessageControl.publishLeaveMessageReply(com.zhy.model.LeaveMessage,java.lang.String,java.lang.String,java.security.Principal)
2020-02-09 10:11:48,239 [main] INFO  [org.springframework.web.servlet.mvc.method.annotation.RequestMappingHandlerMapping] - Mapped "{[/publishLeaveMessage],methods=[POST],produces=[application/json;charset=UTF-8]}" onto public java.lang.String com.zhy.controller.LeaveMessageControl.publishLeaveMessage(java.lang.String,java.lang.String,java.security.Principal)
2020-02-09 10:11:48,239 [main] INFO  [org.springframework.web.servlet.mvc.method.annotation.RequestMappingHandlerMapping] - Mapped "{[/addLeaveMessageLike],methods=[GET],produces=[application/json;charset=UTF-8]}" onto public java.lang.String com.zhy.controller.LeaveMessageControl.addLeaveMessageLike(java.lang.String,java.lang.String,java.security.Principal)
2020-02-09 10:11:48,239 [main] INFO  [org.springframework.web.servlet.mvc.method.annotation.RequestMappingHandlerMapping] - Mapped "{[/getPageLeaveMessage],methods=[GET],produces=[application/json;charset=UTF-8]}" onto public java.lang.String com.zhy.controller.LeaveMessageControl.getPageLeaveMessage(java.lang.String,java.security.Principal)
2020-02-09 10:11:48,240 [main] INFO  [org.springframework.web.servlet.mvc.method.annotation.RequestMappingHandlerMapping] - Mapped "{[/changePassword],methods=[POST],produces=[application/json;charset=UTF-8]}" onto public java.lang.String com.zhy.controller.LoginControl.changePassword(java.lang.String,java.lang.String,java.lang.String)
2020-02-09 10:11:48,241 [main] INFO  [org.springframework.web.servlet.mvc.method.annotation.RequestMappingHandlerMapping] - Mapped "{[/getMyStory],methods=[GET],produces=[application/json;charset=UTF-8]}" onto public java.lang.String com.zhy.controller.MyStoryControl.getMyStory(java.lang.String,java.lang.String)
2020-02-09 10:11:48,242 [main] INFO  [org.springframework.web.servlet.mvc.method.annotation.RequestMappingHandlerMapping] - Mapped "{[/register],methods=[POST],produces=[application/json;charset=UTF-8]}" onto public java.lang.String com.zhy.controller.RegisterControl.register(com.zhy.model.User,javax.servlet.http.HttpServletRequest)
2020-02-09 10:11:48,243 [main] INFO  [org.springframework.web.servlet.mvc.method.annotation.RequestMappingHandlerMapping] - Mapped "{[/getRewardInfo],methods=[POST],produces=[application/json;charset=UTF-8]}" onto public java.lang.String com.zhy.controller.RewardControl.getRewardInfo()
2020-02-09 10:11:48,244 [main] INFO  [org.springframework.web.servlet.mvc.method.annotation.RequestMappingHandlerMapping] - Mapped "{[/addArticleLike],methods=[GET],produces=[application/json;charset=UTF-8]}" onto public java.lang.String com.zhy.controller.ShowArticleControl.addArticleLike(java.lang.String,java.security.Principal)
2020-02-09 10:11:48,244 [main] INFO  [org.springframework.web.servlet.mvc.method.annotation.RequestMappingHandlerMapping] - Mapped "{[/getArticleByArticleId],methods=[POST],produces=[application/json;charset=UTF-8]}" onto public java.lang.String com.zhy.controller.ShowArticleControl.getArticleById(java.lang.String,java.security.Principal)
2020-02-09 10:11:48,251 [main] INFO  [org.springframework.web.servlet.mvc.method.annotation.RequestMappingHandlerMapping] - Mapped "{[/getFriendLink],methods=[POST],produces=[application/json;charset=UTF-8]}" onto public java.lang.String com.zhy.controller.SuperAdminControl.getFriendLink()
2020-02-09 10:11:48,252 [main] INFO  [org.springframework.web.servlet.mvc.method.annotation.RequestMappingHandlerMapping] - Mapped "{[/readThisThumbsUp],methods=[GET],produces=[application/json;charset=UTF-8]}" onto public java.lang.String com.zhy.controller.SuperAdminControl.readThisThumbsUp(int)
2020-02-09 10:11:48,252 [main] INFO  [org.springframework.web.servlet.mvc.method.annotation.RequestMappingHandlerMapping] - Mapped "{[/updateCategory],methods=[POST],produces=[application/json;charset=UTF-8]}" onto public java.lang.String com.zhy.controller.SuperAdminControl.updateCategory(java.lang.String,int)
2020-02-09 10:11:48,252 [main] INFO  [org.springframework.web.servlet.mvc.method.annotation.RequestMappingHandlerMapping] - Mapped "{[/deleteReward],methods=[GET],produces=[application/json;charset=UTF-8]}" onto public java.lang.String com.zhy.controller.SuperAdminControl.deleteReward(int)
2020-02-09 10:11:48,252 [main] INFO  [org.springframework.web.servlet.mvc.method.annotation.RequestMappingHandlerMapping] - Mapped "{[/readAllThumbsUp],methods=[GET],produces=[application/json;charset=UTF-8]}" onto public java.lang.String com.zhy.controller.SuperAdminControl.readAllThumbsUp()
2020-02-09 10:11:48,253 [main] INFO  [org.springframework.web.servlet.mvc.method.annotation.RequestMappingHandlerMapping] - Mapped "{[/addFriendLink],methods=[POST],produces=[application/json;charset=UTF-8]}" onto public java.lang.String com.zhy.controller.SuperAdminControl.addFriendLink(java.lang.String,java.lang.String,java.lang.String)
2020-02-09 10:11:48,253 [main] INFO  [org.springframework.web.servlet.mvc.method.annotation.RequestMappingHandlerMapping] - Mapped "{[/deleteArticle],methods=[GET],produces=[application/json;charset=UTF-8]}" onto public java.lang.String com.zhy.controller.SuperAdminControl.deleteArticle(java.lang.String)
2020-02-09 10:11:48,253 [main] INFO  [org.springframework.web.servlet.mvc.method.annotation.RequestMappingHandlerMapping] - Mapped "{[/addReward],methods=[POST],produces=[application/json;charset=UTF-8]}" onto public java.lang.String com.zhy.controller.SuperAdminControl.addReward(org.springframework.web.multipart.MultipartFile,javax.servlet.http.HttpServletRequest,com.zhy.model.Reward)
2020-02-09 10:11:48,253 [main] INFO  [org.springframework.web.servlet.mvc.method.annotation.RequestMappingHandlerMapping] - Mapped "{[/deleteFriendLink],methods=[POST],produces=[application/json;charset=UTF-8]}" onto public java.lang.String com.zhy.controller.SuperAdminControl.deleteFriendLink(int)
2020-02-09 10:11:48,254 [main] INFO  [org.springframework.web.servlet.mvc.method.annotation.RequestMappingHandlerMapping] - Mapped "{[/getAllFeedback],methods=[GET],produces=[application/json;charset=UTF-8]}" onto public java.lang.String com.zhy.controller.SuperAdminControl.getAllFeedback(java.lang.String,java.lang.String)
2020-02-09 10:11:48,254 [main] INFO  [org.springframework.web.servlet.mvc.method.annotation.RequestMappingHandlerMapping] - Mapped "{[/replyPrivateWord],methods=[POST],produces=[application/json;charset=UTF-8]}" onto public java.lang.String com.zhy.controller.SuperAdminControl.replyPrivateWord(java.security.Principal,java.lang.String,java.lang.String)
2020-02-09 10:11:48,254 [main] INFO  [org.springframework.web.servlet.mvc.method.annotation.RequestMappingHandlerMapping] - Mapped "{[/getStatisticsInfo],methods=[GET],produces=[application/json;charset=UTF-8]}" onto public java.lang.String com.zhy.controller.SuperAdminControl.getStatisticsInfo()
2020-02-09 10:11:48,254 [main] INFO  [org.springframework.web.servlet.mvc.method.annotation.RequestMappingHandlerMapping] - Mapped "{[/getArticleManagement],methods=[POST],produces=[application/json;charset=UTF-8]}" onto public java.lang.String com.zhy.controller.SuperAdminControl.getArticleManagement(java.lang.String,java.lang.String)
2020-02-09 10:11:48,255 [main] INFO  [org.springframework.web.servlet.mvc.method.annotation.RequestMappingHandlerMapping] - Mapped "{[/getAllPrivateWord],methods=[POST],produces=[application/json;charset=UTF-8]}" onto public java.lang.String com.zhy.controller.SuperAdminControl.getAllPrivateWord()
2020-02-09 10:11:48,258 [main] INFO  [org.springframework.web.servlet.mvc.method.annotation.RequestMappingHandlerMapping] - Mapped "{[/getArticleCategories],methods=[GET],produces=[application/json;charset=UTF-8]}" onto public java.lang.String com.zhy.controller.SuperAdminControl.getArticleCategories()
2020-02-09 10:11:48,258 [main] INFO  [org.springframework.web.servlet.mvc.method.annotation.RequestMappingHandlerMapping] - Mapped "{[/getArticleThumbsUp],methods=[POST],produces=[application/json;charset=UTF-8]}" onto public java.lang.String com.zhy.controller.SuperAdminControl.getArticleThumbsUp(int,int)
2020-02-09 10:11:48,258 [main] INFO  [org.springframework.web.servlet.mvc.method.annotation.RequestMappingHandlerMapping] - Mapped "{[/getTagArticle],methods=[POST],produces=[application/json;charset=UTF-8]}" onto public java.lang.String com.zhy.controller.TagsControl.getTagArticle(java.lang.String,javax.servlet.http.HttpServletRequest)
2020-02-09 10:11:48,259 [main] INFO  [org.springframework.web.servlet.mvc.method.annotation.RequestMappingHandlerMapping] - Mapped "{[/commitTodayWords],methods=[POST],produces=[application/json;charset=UTF-8]}" onto public java.lang.String com.zhy.controller.TodayControl.publishISay(com.zhy.model.DailySpeech,javax.servlet.http.HttpServletRequest)
2020-02-09 10:11:48,260 [main] INFO  [org.springframework.web.servlet.mvc.method.annotation.RequestMappingHandlerMapping] - Mapped "{[/getTodayInfo],methods=[POST],produces=[application/json;charset=UTF-8]}" onto public java.lang.String com.zhy.controller.TodayControl.getTodayInfo(java.lang.String,java.lang.String)
2020-02-09 10:11:48,262 [main] INFO  [org.springframework.web.servlet.mvc.method.annotation.RequestMappingHandlerMapping] - Mapped "{[/getUserComment],methods=[POST],produces=[application/json;charset=UTF-8]}" onto public java.lang.String com.zhy.controller.UserControl.getUserComment(java.lang.String,java.lang.String,java.security.Principal)
2020-02-09 10:11:48,262 [main] INFO  [org.springframework.web.servlet.mvc.method.annotation.RequestMappingHandlerMapping] - Mapped "{[/readThisMsg],methods=[GET],produces=[application/json;charset=UTF-8]}" onto public java.lang.String com.zhy.controller.UserControl.readThisMsg(int,int,java.security.Principal)
2020-02-09 10:11:48,263 [main] INFO  [org.springframework.web.servlet.mvc.method.annotation.RequestMappingHandlerMapping] - Mapped "{[/uploadHead],methods=[POST],produces=[application/json;charset=UTF-8]}" onto public java.lang.String com.zhy.controller.UserControl.uploadHead(javax.servlet.http.HttpServletRequest,java.security.Principal)
2020-02-09 10:11:48,263 [main] INFO  [org.springframework.web.servlet.mvc.method.annotation.RequestMappingHandlerMapping] - Mapped "{[/readAllMsg],methods=[GET],produces=[application/json;charset=UTF-8]}" onto public java.lang.String com.zhy.controller.UserControl.readAllMsg(int,java.security.Principal)
2020-02-09 10:11:48,263 [main] INFO  [org.springframework.web.servlet.mvc.method.annotation.RequestMappingHandlerMapping] - Mapped "{[/getUserNews],methods=[POST],produces=[application/json;charset=UTF-8]}" onto public java.lang.String com.zhy.controller.UserControl.getUserNews(java.security.Principal)
2020-02-09 10:11:48,263 [main] INFO  [org.springframework.web.servlet.mvc.method.annotation.RequestMappingHandlerMapping] - Mapped "{[/savePersonalDate],methods=[POST],produces=[application/json;charset=UTF-8]}" onto public java.lang.String com.zhy.controller.UserControl.savePersonalDate(com.zhy.model.User,java.security.Principal)
2020-02-09 10:11:48,263 [main] INFO  [org.springframework.web.servlet.mvc.method.annotation.RequestMappingHandlerMapping] - Mapped "{[/sendPrivateWord],methods=[POST],produces=[application/json;charset=UTF-8]}" onto public java.lang.String com.zhy.controller.UserControl.sendPrivateWord(java.lang.String,java.security.Principal)
2020-02-09 10:11:48,264 [main] INFO  [org.springframework.web.servlet.mvc.method.annotation.RequestMappingHandlerMapping] - Mapped "{[/getUserPersonalInfo],methods=[POST],produces=[application/json;charset=UTF-8]}" onto public java.lang.String com.zhy.controller.UserControl.getUserPersonalInfo(java.security.Principal)
2020-02-09 10:11:48,264 [main] INFO  [org.springframework.web.servlet.mvc.method.annotation.RequestMappingHandlerMapping] - Mapped "{[/getUserLeaveWord],methods=[POST],produces=[application/json;charset=UTF-8]}" onto public java.lang.String com.zhy.controller.UserControl.getUserLeaveMessage(java.lang.String,java.lang.String,java.security.Principal)
2020-02-09 10:11:48,264 [main] INFO  [org.springframework.web.servlet.mvc.method.annotation.RequestMappingHandlerMapping] - Mapped "{[/getPrivateWordByPublisher],methods=[POST],produces=[application/json;charset=UTF-8]}" onto public java.lang.String com.zhy.controller.UserControl.getPrivateWordByPublisher(java.lang.String,java.lang.String,java.security.Principal)
2020-02-09 10:11:48,275 [main] INFO  [org.springframework.web.servlet.mvc.method.annotation.RequestMappingHandlerMapping] - Mapped "{[/error]}" onto public org.springframework.http.ResponseEntity<java.util.Map<java.lang.String, java.lang.Object>> org.springframework.boot.autoconfigure.web.servlet.error.BasicErrorController.error(javax.servlet.http.HttpServletRequest)
2020-02-09 10:11:48,275 [main] INFO  [org.springframework.web.servlet.mvc.method.annotation.RequestMappingHandlerMapping] - Mapped "{[/error],produces=[text/html]}" onto public org.springframework.web.servlet.ModelAndView org.springframework.boot.autoconfigure.web.servlet.error.BasicErrorController.errorHtml(javax.servlet.http.HttpServletRequest,javax.servlet.http.HttpServletResponse)
2020-02-09 10:11:48,451 [main] INFO  [org.springframework.web.servlet.handler.SimpleUrlHandlerMapping] - Mapped URL path [/article/**] onto handler of type [class org.springframework.web.servlet.resource.ResourceHttpRequestHandler]
2020-02-09 10:11:48,451 [main] INFO  [org.springframework.web.servlet.handler.SimpleUrlHandlerMapping] - Mapped URL path [/**] onto handler of type [class org.springframework.web.servlet.resource.ResourceHttpRequestHandler]
2020-02-09 10:11:48,451 [main] INFO  [org.springframework.web.servlet.handler.SimpleUrlHandlerMapping] - Mapped URL path [/template/**] onto handler of type [class org.springframework.web.servlet.resource.ResourceHttpRequestHandler]
2020-02-09 10:11:48,658 [main] INFO  [org.springframework.web.servlet.mvc.method.annotation.RequestMappingHandlerAdapter] - Looking for @ControllerAdvice: org.springframework.boot.web.servlet.context.AnnotationConfigServletWebServerApplicationContext@d6e7bab: startup date [Sun Feb 09 10:11:27 CST 2020]; root of context hierarchy
2020-02-09 10:11:48,784 [main] INFO  [org.springframework.web.servlet.mvc.method.annotation.ExceptionHandlerExceptionResolver] - Detected @ExceptionHandler methods in myExceptionHandler
2020-02-09 10:11:51,269 [main] INFO  [org.springframework.security.web.DefaultSecurityFilterChain] - Creating filter chain: org.springframework.security.web.util.matcher.AnyRequestMatcher@1, [org.springframework.security.web.context.request.async.WebAsyncManagerIntegrationFilter@76ac68b0, org.springframework.security.web.context.SecurityContextPersistenceFilter@1b30a54e, org.springframework.security.web.header.HeaderWriterFilter@4db0ba1c, org.springframework.security.web.authentication.logout.LogoutFilter@2aa5bd48, org.springframework.security.web.authentication.UsernamePasswordAuthenticationFilter@5e2a6991, org.springframework.security.web.savedrequest.RequestCacheAwareFilter@3e9beef2, org.springframework.security.web.servletapi.SecurityContextHolderAwareRequestFilter@5ed0b4e3, org.springframework.security.web.authentication.AnonymousAuthenticationFilter@f559c74, org.springframework.security.web.session.SessionManagementFilter@1578fa9, org.springframework.security.web.access.ExceptionTranslationFilter@569348e1, org.springframework.security.web.access.intercept.FilterSecurityInterceptor@10618775]
2020-02-09 10:11:51,431 [main] WARN  [org.thymeleaf.templatemode.TemplateMode] - [THYMELEAF][main] Template Mode 'LEGACYHTML5' is deprecated. Using Template Mode 'HTML' instead.
2020-02-09 10:11:51,783 [main] INFO  [org.springframework.jmx.export.annotation.AnnotationMBeanExporter] - Registering beans for JMX exposure on startup
2020-02-09 10:11:51,784 [main] INFO  [org.springframework.jmx.export.annotation.AnnotationMBeanExporter] - Bean with name 'druidDataSource' has been autodetected for JMX exposure
2020-02-09 10:11:51,793 [main] INFO  [org.springframework.jmx.export.annotation.AnnotationMBeanExporter] - Located MBean 'druidDataSource': registering with JMX server as MBean [com.alibaba.druid.pool:name=druidDataSource,type=DruidDataSource]
2020-02-09 10:11:51,820 [main] INFO  [org.springframework.scheduling.annotation.ScheduledAnnotationBeanPostProcessor] - No TaskScheduler/ScheduledExecutorService bean found for scheduled processing
2020-02-09 10:11:51,842 [main] INFO  [org.apache.coyote.http11.Http11NioProtocol] - Starting ProtocolHandler ["http-nio-8282"]
2020-02-09 10:11:51,874 [main] INFO  [org.apache.tomcat.util.net.NioSelectorPool] - Using a shared selector for servlet write/read
2020-02-09 10:11:51,921 [main] INFO  [org.springframework.boot.web.embedded.tomcat.TomcatWebServer] - Tomcat started on port(s): 8282 (http) with context path ''
2020-02-09 10:11:51,927 [main] INFO  [com.zhy.MyBlogApplication] - Started MyBlogApplication in 26.988 seconds (JVM running for 34.51)
2020-02-09 10:12:03,437 [http-nio-8282-exec-1] INFO  [org.apache.tomcat.util.http.parser.Cookie] - A cookie header was received [1565571620,1565659923,1566193358] that contained an invalid cookie. That cookie will be ignored.Note: further occurrences of this error will be logged at DEBUG level.
2020-02-09 10:12:03,451 [http-nio-8282-exec-1] INFO  [org.apache.catalina.core.ContainerBase.[Tomcat].[localhost].[/]] - Initializing Spring FrameworkServlet 'dispatcherServlet'
2020-02-09 10:12:03,452 [http-nio-8282-exec-1] INFO  [org.springframework.web.servlet.DispatcherServlet] - FrameworkServlet 'dispatcherServlet': initialization started
2020-02-09 10:12:03,494 [http-nio-8282-exec-1] INFO  [org.springframework.web.servlet.DispatcherServlet] - FrameworkServlet 'dispatcherServlet': initialization completed in 42 ms
